# JRE version: OpenJDK Runtime Environment (17.0.6) (build 17.0.6+0-b2043.56-10027231)
# Java VM: OpenJDK 64-Bit Server VM (17.0.6+0-b2043.56-10027231, mixed mode, tiered, compressed oops, compressed class ptrs, g1 gc, windows-amd64)
GC Precious Log:
 CPUs: 6 total, 6 available
 Memory: 16310M
 Large Page Support: Disabled
 NUMA Support: Disabled
 Compressed Oops: Enabled (32-bit)
 Heap Region Size: 1M
 Heap Min Capacity: 8M
 Heap Initial Capacity: 256M
 Heap Max Capacity: 2G
 Pre-touch: Disabled
 Parallel Workers: 6
 Concurrent Workers: 2
 Concurrent Refinement Workers: 6
 Periodic GC: Disabled
Heap:
 garbage-first heap   total 402432K, used 210289K [0x0000000080000000, 0x0000000100000000)
  region size 1024K, 12 young (12288K), 8 survivors (8192K)
 Metaspace       used 155976K, committed 157120K, reserved 1187840K
  class space    used 20806K, committed 21376K, reserved 1048576K
GC Heap History (20 events):
Event: 11.243 GC heap before
{Heap before GC invocations=39 (full 0):
 garbage-first heap   total 243712K, used 192206K [0x0000000080000000, 0x0000000100000000)
  region size 1024K, 56 young (57344K), 6 survivors (6144K)
 Metaspace       used 108306K, committed 108992K, reserved 1146880K
  class space    used 14525K, committed 14848K, reserved 1048576K
}
Event: 11.250 GC heap after
{Heap after GC invocations=40 (full 0):
 garbage-first heap   total 402432K, used 146727K [0x0000000080000000, 0x0000000100000000)
  region size 1024K, 6 young (6144K), 6 survivors (6144K)
 Metaspace       used 108306K, committed 108992K, reserved 1146880K
  class space    used 14525K, committed 14848K, reserved 1048576K
}
Event: 13.176 GC heap before
{Heap before GC invocations=40 (full 0):
 garbage-first heap   total 402432K, used 275751K [0x0000000080000000, 0x0000000100000000)
  region size 1024K, 133 young (136192K), 6 survivors (6144K)
 Metaspace       used 110335K, committed 110976K, reserved 1146880K
  class space    used 14739K, committed 15040K, reserved 1048576K
}
Event: 13.184 GC heap after
{Heap after GC invocations=41 (full 0):
 garbage-first heap   total 402432K, used 152561K [0x0000000080000000, 0x0000000100000000)
  region size 1024K, 12 young (12288K), 12 survivors (12288K)
 Metaspace       used 110335K, committed 110976K, reserved 1146880K
  class space    used 14739K, committed 15040K, reserved 1048576K
}
Event: 20.640 GC heap before
{Heap before GC invocations=41 (full 0):
 garbage-first heap   total 402432K, used 293873K [0x0000000080000000, 0x0000000100000000)
  region size 1024K, 151 young (154624K), 12 survivors (12288K)
 Metaspace       used 115707K, committed 116544K, reserved 1155072K
  class space    used 15455K, committed 15808K, reserved 1048576K
}
Event: 20.651 GC heap after
{Heap after GC invocations=42 (full 0):
 garbage-first heap   total 402432K, used 160562K [0x0000000080000000, 0x0000000100000000)
  region size 1024K, 16 young (16384K), 16 survivors (16384K)
 Metaspace       used 115707K, committed 116544K, reserved 1155072K
  class space    used 15455K, committed 15808K, reserved 1048576K
}
Event: 22.213 GC heap before
{Heap before GC invocations=42 (full 0):
 garbage-first heap   total 402432K, used 318258K [0x0000000080000000, 0x0000000100000000)
  region size 1024K, 163 young (166912K), 16 survivors (16384K)
 Metaspace       used 127486K, committed 128320K, reserved 1163264K
  class space    used 16883K, committed 17280K, reserved 1048576K
}
Event: 22.224 GC heap after
{Heap after GC invocations=43 (full 0):
 garbage-first heap   total 402432K, used 169242K [0x0000000080000000, 0x0000000100000000)
  region size 1024K, 16 young (16384K), 16 survivors (16384K)
 Metaspace       used 127486K, committed 128320K, reserved 1163264K
  class space    used 16883K, committed 17280K, reserved 1048576K
}
Event: 22.940 GC heap before
{Heap before GC invocations=43 (full 0):
 garbage-first heap   total 402432K, used 314650K [0x0000000080000000, 0x0000000100000000)
  region size 1024K, 159 young (162816K), 16 survivors (16384K)
 Metaspace       used 140633K, committed 141568K, reserved 1171456K
  class space    used 19035K, committed 19456K, reserved 1048576K
}
Event: 22.956 GC heap after
{Heap after GC invocations=44 (full 0):
 garbage-first heap   total 402432K, used 179436K [0x0000000080000000, 0x0000000100000000)
  region size 1024K, 20 young (20480K), 20 survivors (20480K)
 Metaspace       used 140633K, committed 141568K, reserved 1171456K
  class space    used 19035K, committed 19456K, reserved 1048576K
}
Event: 23.622 GC heap before
{Heap before GC invocations=44 (full 0):
 garbage-first heap   total 402432K, used 318700K [0x0000000080000000, 0x0000000100000000)
  region size 1024K, 156 young (159744K), 20 survivors (20480K)
 Metaspace       used 144793K, committed 145664K, reserved 1179648K
  class space    used 19558K, committed 19968K, reserved 1048576K
}
Event: 23.628 GC heap after
{Heap after GC invocations=45 (full 0):
 garbage-first heap   total 402432K, used 171982K [0x0000000080000000, 0x0000000100000000)
  region size 1024K, 4 young (4096K), 4 survivors (4096K)
 Metaspace       used 144793K, committed 145664K, reserved 1179648K
  class space    used 19558K, committed 19968K, reserved 1048576K
}
Event: 122.928 GC heap before
{Heap before GC invocations=45 (full 0):
 garbage-first heap   total 402432K, used 347086K [0x0000000080000000, 0x0000000100000000)
  region size 1024K, 152 young (155648K), 4 survivors (4096K)
 Metaspace       used 153088K, committed 154112K, reserved 1187840K
  class space    used 20471K, committed 20992K, reserved 1048576K
}
Event: 122.938 GC heap after
{Heap after GC invocations=46 (full 0):
 garbage-first heap   total 402432K, used 177789K [0x0000000080000000, 0x0000000100000000)
  region size 1024K, 10 young (10240K), 10 survivors (10240K)
 Metaspace       used 153088K, committed 154112K, reserved 1187840K
  class space    used 20471K, committed 20992K, reserved 1048576K
}
Event: 227.755 GC heap before
{Heap before GC invocations=46 (full 0):
 garbage-first heap   total 402432K, used 344701K [0x0000000080000000, 0x0000000100000000)
  region size 1024K, 155 young (158720K), 10 survivors (10240K)
 Metaspace       used 153955K, committed 155008K, reserved 1187840K
  class space    used 20506K, committed 20992K, reserved 1048576K
}
Event: 227.764 GC heap after
{Heap after GC invocations=47 (full 0):
 garbage-first heap   total 402432K, used 180686K [0x0000000080000000, 0x0000000100000000)
  region size 1024K, 12 young (12288K), 12 survivors (12288K)
 Metaspace       used 153955K, committed 155008K, reserved 1187840K
  class space    used 20506K, committed 20992K, reserved 1048576K
}
Event: 449.024 GC heap before
{Heap before GC invocations=47 (full 0):
 garbage-first heap   total 402432K, used 354766K [0x0000000080000000, 0x0000000100000000)
  region size 1024K, 156 young (159744K), 12 survivors (12288K)
 Metaspace       used 154580K, committed 155712K, reserved 1187840K
  class space    used 20581K, committed 21120K, reserved 1048576K
}
Event: 449.030 GC heap after
{Heap after GC invocations=48 (full 0):
 garbage-first heap   total 402432K, used 182070K [0x0000000080000000, 0x0000000100000000)
  region size 1024K, 4 young (4096K), 4 survivors (4096K)
 Metaspace       used 154580K, committed 155712K, reserved 1187840K
  class space    used 20581K, committed 21120K, reserved 1048576K
}
Event: 449.374 GC heap before
{Heap before GC invocations=48 (full 0):
 garbage-first heap   total 402432K, used 222006K [0x0000000080000000, 0x0000000100000000)
  region size 1024K, 25 young (25600K), 4 survivors (4096K)
 Metaspace       used 155685K, committed 156800K, reserved 1187840K
  class space    used 20770K, committed 21312K, reserved 1048576K
}
Event: 449.379 GC heap after
{Heap after GC invocations=49 (full 0):
 garbage-first heap   total 402432K, used 207217K [0x0000000080000000, 0x0000000100000000)
  region size 1024K, 8 young (8192K), 8 survivors (8192K)
 Metaspace       used 155685K, committed 156800K, reserved 1187840K
  class space    used 20770K, committed 21312K, reserved 1048576K
}

